c:\users\betea\desktop\csci 301 proj\proj 7\consoleapplication1\debug\consoleapplication1.pch
c:\users\betea\desktop\csci 301 proj\proj 7\consoleapplication1\debug\vc140.pdb
c:\users\betea\desktop\csci 301 proj\proj 7\consoleapplication1\debug\vc140.idb
c:\users\betea\desktop\csci 301 proj\proj 7\consoleapplication1\debug\stdafx.obj
c:\users\betea\desktop\csci 301 proj\proj 7\consoleapplication1\debug\consoleapplication1.obj
c:\users\betea\desktop\csci 301 proj\proj 7\consoleapplication1\debug\proj 7.obj
c:\users\betea\desktop\csci 301 proj\proj 7\consoleapplication1\debug\implement.obj
c:\users\betea\desktop\csci 301 proj\proj 7\consoleapplication1\debug\consoleapplication1.pdb
c:\users\betea\desktop\csci 301 proj\proj 7\consoleapplication1\debug\consolea.4b93c423.tlog\cl.command.1.tlog
c:\users\betea\desktop\csci 301 proj\proj 7\consoleapplication1\debug\consolea.4b93c423.tlog\cl.read.1.tlog
c:\users\betea\desktop\csci 301 proj\proj 7\consoleapplication1\debug\consolea.4b93c423.tlog\cl.write.1.tlog
c:\users\betea\desktop\csci 301 proj\proj 7\consoleapplication1\debug\consolea.4b93c423.tlog\link.11224-cvtres.read.1.tlog
c:\users\betea\desktop\csci 301 proj\proj 7\consoleapplication1\debug\consolea.4b93c423.tlog\link.11224-cvtres.write.1.tlog
c:\users\betea\desktop\csci 301 proj\proj 7\consoleapplication1\debug\consolea.4b93c423.tlog\link.11224-rc.read.1.tlog
c:\users\betea\desktop\csci 301 proj\proj 7\consoleapplication1\debug\consolea.4b93c423.tlog\link.11224-rc.write.1.tlog
c:\users\betea\desktop\csci 301 proj\proj 7\consoleapplication1\debug\consolea.4b93c423.tlog\link.11224.read.1.tlog
c:\users\betea\desktop\csci 301 proj\proj 7\consoleapplication1\debug\consolea.4b93c423.tlog\link.11224.write.1.tlog
c:\users\betea\desktop\csci 301 proj\proj 7\consoleapplication1\debug\consolea.4b93c423.tlog\link.command.1.tlog
c:\users\betea\desktop\csci 301 proj\proj 7\consoleapplication1\debug\consolea.4b93c423.tlog\link.read.1.tlog
c:\users\betea\desktop\csci 301 proj\proj 7\consoleapplication1\debug\consolea.4b93c423.tlog\link.write.1.tlog
